<?xml version="1.0" encoding="UTF-8"?>
<!-- Generated by org.testng.reporters.JUnitReportReporter -->
<testsuite skipped="0" hostname="MittalComputer" name="TestNGListenerConcept.ScreenshotTest" tests="1" failures="0" timestamp="2020-10-01T16:24:25 EDT" time="7.111" errors="0">
  <testcase name="takeScreenshotTest3" time="7.111" classname="TestNGListenerConcept.ScreenshotTest"/>
  <system-out/>
</testsuite> <!-- TestNGListenerConcept.ScreenshotTest -->
